TN:
SF:src/index.ts
FNF:0
FNH:0
LF:0
LH:0
BRF:0
BRH:0
end_of_record
TN:
SF:src/encryption/Gauldoth.ts
FN:20,(anonymous_0)
FN:37,(anonymous_1)
FN:51,(anonymous_2)
FN:67,(anonymous_3)
FN:80,(anonymous_4)
FN:104,(anonymous_5)
FN:119,(anonymous_6)
FN:123,(anonymous_7)
FN:142,(anonymous_8)
FN:149,(anonymous_9)
FN:173,(anonymous_10)
FN:185,(anonymous_11)
FN:191,(anonymous_12)
FN:219,(anonymous_13)
FN:220,(anonymous_14)
FN:221,(anonymous_15)
FN:237,(anonymous_16)
FN:259,(anonymous_17)
FNF:18
FNH:16
FNDA:10,(anonymous_0)
FNDA:6,(anonymous_1)
FNDA:6,(anonymous_2)
FNDA:0,(anonymous_3)
FNDA:0,(anonymous_4)
FNDA:5,(anonymous_5)
FNDA:3,(anonymous_6)
FNDA:24,(anonymous_7)
FNDA:9,(anonymous_8)
FNDA:24,(anonymous_9)
FNDA:3,(anonymous_10)
FNDA:9,(anonymous_11)
FNDA:9,(anonymous_12)
FNDA:24,(anonymous_13)
FNDA:21,(anonymous_14)
FNDA:24,(anonymous_15)
FNDA:3,(anonymous_16)
FNDA:3,(anonymous_17)
DA:20,3
DA:21,10
DA:22,10
DA:28,3
DA:37,3
DA:38,6
DA:39,6
DA:40,6
DA:41,6
DA:51,3
DA:52,6
DA:53,6
DA:54,6
DA:55,6
DA:67,3
DA:68,0
DA:69,0
DA:70,0
DA:80,3
DA:81,0
DA:82,0
DA:83,0
DA:84,0
DA:104,3
DA:105,5
DA:106,5
DA:119,5
DA:120,3
DA:123,24
DA:124,3
DA:125,21
DA:126,21
DA:130,3
DA:131,3
DA:132,3
DA:133,9
DA:134,9
DA:135,9
DA:138,3
DA:139,3
DA:140,3
DA:142,3
DA:144,9
DA:145,9
DA:147,9
DA:148,9
DA:149,24
DA:151,9
DA:153,9
DA:154,9
DA:157,3
DA:160,3
DA:161,3
DA:162,3
DA:163,3
DA:173,5
DA:174,3
DA:175,3
DA:177,3
DA:178,3
DA:179,3
DA:182,3
DA:183,3
DA:184,3
DA:185,9
DA:187,3
DA:188,3
DA:189,3
DA:191,3
DA:192,9
DA:193,9
DA:194,9
DA:196,9
DA:198,9
DA:201,9
DA:202,24
DA:203,24
DA:206,9
DA:209,3
DA:210,3
DA:213,3
DA:214,0
DA:218,3
DA:219,24
DA:220,21
DA:221,24
DA:224,3
DA:228,5
DA:239,3
DA:245,3
DA:247,3
DA:248,3
DA:250,3
DA:251,3
DA:260,3
DA:261,3
DA:262,3
DA:264,1
LF:98
LH:90
BRDA:81,0,0,0
BRDA:81,0,1,0
BRDA:120,1,0,0
BRDA:120,1,1,3
BRDA:157,2,0,3
BRDA:157,2,1,0
BRDA:175,3,0,0
BRDA:175,3,1,3
BRDA:179,4,0,0
BRDA:179,4,1,3
BRDA:194,5,0,0
BRDA:194,5,1,9
BRDA:209,6,0,3
BRDA:209,6,1,0
BRDA:213,7,0,0
BRDA:213,7,1,3
BRDA:213,8,0,3
BRDA:213,8,1,3
BRDA:239,9,0,2
BRDA:239,9,1,1
BRDA:241,10,0,0
BRDA:241,10,1,1
BRDA:245,11,0,0
BRDA:245,11,1,3
BRDA:247,12,0,3
BRDA:247,12,1,3
BRDA:248,13,0,0
BRDA:248,13,1,3
BRF:28
BRH:16
end_of_record
TN:
SF:src/encryption/index.ts
FNF:0
FNH:0
LF:0
LH:0
BRF:0
BRH:0
end_of_record
TN:
SF:src/utils/index.ts
FN:24,(anonymous_0)
FN:48,(anonymous_1)
FN:49,(anonymous_2)
FNF:3
FNH:3
FNDA:8,(anonymous_0)
FNDA:1,(anonymous_1)
FNDA:1,(anonymous_2)
DA:9,3
DA:13,3
DA:24,3
DA:25,8
DA:26,8
DA:27,8
DA:29,8
DA:30,8
DA:31,8
DA:33,8
DA:35,120
DA:36,121
DA:38,0
DA:39,0
DA:41,121
DA:43,120
DA:45,8
DA:48,3
DA:49,3
LF:19
LH:17
BRDA:24,0,0,8
BRDA:25,1,0,1
BRDA:25,1,1,7
BRDA:26,2,0,1
BRDA:26,2,1,7
BRDA:27,3,0,1
BRDA:27,3,1,7
BRDA:36,4,0,0
BRDA:36,4,1,121
BRF:9
BRH:8
end_of_record
