TN:
SF:src/index.ts
FNF:0
FNH:0
LF:0
LH:0
BRF:0
BRH:0
end_of_record
TN:
SF:src/encryption/CryptoManager.ts
FN:16,(anonymous_0)
FN:23,(anonymous_1)
FN:30,(anonymous_2)
FN:40,(anonymous_3)
FN:49,(anonymous_4)
FN:63,(anonymous_5)
FN:74,(anonymous_6)
FNF:7
FNH:7
FNDA:4,(anonymous_0)
FNDA:4,(anonymous_1)
FNDA:4,(anonymous_2)
FNDA:4,(anonymous_3)
FNDA:4,(anonymous_4)
FNDA:4,(anonymous_5)
FNDA:6,(anonymous_6)
DA:17,20
DA:18,20
DA:19,20
DA:20,20
DA:24,24
DA:25,24
DA:26,24
DA:33,9
DA:34,10
DA:36,9
DA:41,10
DA:42,10
DA:43,10
DA:44,10
DA:45,10
DA:55,8
DA:56,8
DA:57,8
DA:58,8
DA:59,8
DA:70,4
DA:71,4
DA:72,4
DA:74,4
DA:75,6
DA:76,6
DA:77,6
DA:78,6
DA:79,6
DA:80,6
DA:83,4
DA:84,3
DA:85,2
LF:33
LH:33
BRDA:17,0,0,0
BRDA:17,0,1,20
BRDA:40,1,0,10
BRDA:44,2,0,0
BRDA:44,2,1,10
BRDA:56,3,0,8
BRDA:56,3,1,0
BRDA:57,4,0,4
BRDA:57,4,1,4
BRDA:68,5,0,4
BRDA:72,6,0,4
BRDA:72,6,1,0
BRDA:79,7,0,0
BRDA:79,7,1,6
BRDA:83,8,0,1
BRDA:83,8,1,3
BRDA:84,9,0,1
BRDA:84,9,1,2
BRDA:84,10,0,3
BRDA:84,10,1,2
BRF:20
BRH:15
end_of_record
TN:
SF:src/encryption/Gauldoth.ts
FN:20,(anonymous_0)
FN:37,(anonymous_1)
FN:51,(anonymous_2)
FN:67,(anonymous_3)
FN:80,(anonymous_4)
FN:104,(anonymous_5)
FN:119,(anonymous_6)
FN:123,(anonymous_7)
FN:142,(anonymous_8)
FN:149,(anonymous_9)
FN:173,(anonymous_10)
FN:185,(anonymous_11)
FN:191,(anonymous_12)
FN:219,(anonymous_13)
FN:220,(anonymous_14)
FN:221,(anonymous_15)
FN:237,(anonymous_16)
FN:259,(anonymous_17)
FNF:18
FNH:16
FNDA:22,(anonymous_0)
FNDA:10,(anonymous_1)
FNDA:9,(anonymous_2)
FNDA:0,(anonymous_3)
FNDA:0,(anonymous_4)
FNDA:11,(anonymous_5)
FNDA:5,(anonymous_6)
FNDA:40,(anonymous_7)
FNDA:13,(anonymous_8)
FNDA:40,(anonymous_9)
FNDA:7,(anonymous_10)
FNDA:10,(anonymous_11)
FNDA:10,(anonymous_12)
FNDA:32,(anonymous_13)
FNDA:28,(anonymous_14)
FNDA:32,(anonymous_15)
FNDA:8,(anonymous_16)
FNDA:7,(anonymous_17)
DA:20,3
DA:21,22
DA:22,22
DA:28,3
DA:37,3
DA:38,10
DA:39,10
DA:40,10
DA:41,10
DA:51,3
DA:52,9
DA:53,9
DA:54,9
DA:55,9
DA:67,3
DA:68,0
DA:69,0
DA:70,0
DA:80,3
DA:81,0
DA:82,0
DA:83,0
DA:84,0
DA:104,3
DA:105,11
DA:106,11
DA:119,11
DA:120,5
DA:123,40
DA:124,5
DA:125,35
DA:126,35
DA:130,5
DA:131,5
DA:132,5
DA:133,13
DA:134,13
DA:135,13
DA:138,5
DA:139,5
DA:140,5
DA:142,5
DA:144,13
DA:145,13
DA:147,13
DA:148,13
DA:149,40
DA:151,13
DA:153,13
DA:154,13
DA:157,5
DA:160,5
DA:161,5
DA:162,5
DA:163,5
DA:173,11
DA:174,7
DA:175,7
DA:177,6
DA:178,6
DA:179,6
DA:182,5
DA:183,5
DA:184,5
DA:185,10
DA:187,5
DA:188,5
DA:189,5
DA:191,5
DA:192,10
DA:193,10
DA:194,10
DA:196,10
DA:198,10
DA:201,10
DA:202,35
DA:203,35
DA:206,10
DA:209,5
DA:210,4
DA:213,4
DA:214,0
DA:218,4
DA:219,32
DA:220,28
DA:221,32
DA:224,4
DA:228,11
DA:239,8
DA:245,8
DA:247,6
DA:248,8
DA:250,5
DA:251,5
DA:260,7
DA:261,7
DA:262,7
DA:264,4
LF:98
LH:90
BRDA:81,0,0,0
BRDA:81,0,1,0
BRDA:120,1,0,0
BRDA:120,1,1,5
BRDA:157,2,0,5
BRDA:157,2,1,0
BRDA:175,3,0,1
BRDA:175,3,1,6
BRDA:179,4,0,1
BRDA:179,4,1,5
BRDA:194,5,0,0
BRDA:194,5,1,10
BRDA:209,6,0,4
BRDA:209,6,1,1
BRDA:213,7,0,0
BRDA:213,7,1,4
BRDA:213,8,0,4
BRDA:213,8,1,4
BRDA:239,9,0,6
BRDA:239,9,1,2
BRDA:241,10,0,1
BRDA:241,10,1,1
BRDA:245,11,0,2
BRDA:245,11,1,6
BRDA:247,12,0,6
BRDA:247,12,1,4
BRDA:248,13,0,1
BRDA:248,13,1,7
BRF:28
BRH:22
end_of_record
TN:
SF:src/encryption/index.ts
FNF:0
FNH:0
LF:0
LH:0
BRF:0
BRH:0
end_of_record
TN:
SF:src/generators/BaseFlow.ts
FN:5,(anonymous_0)
FN:7,(anonymous_1)
FN:21,(anonymous_2)
FN:43,(anonymous_3)
FN:60,(anonymous_4)
FN:89,(anonymous_5)
FN:66,(anonymous_6)
FNF:7
FNH:7
FNDA:73,(anonymous_0)
FNDA:22,(anonymous_1)
FNDA:26,(anonymous_2)
FNDA:49,(anonymous_3)
FNDA:47,(anonymous_4)
FNDA:1,(anonymous_5)
FNDA:2,(anonymous_6)
DA:3,5
DA:5,73
DA:7,5
DA:8,22
DA:9,22
DA:11,22
DA:12,22
DA:13,22
DA:14,852
DA:15,852
DA:16,852
DA:18,22
DA:21,5
DA:22,26
DA:23,26
DA:25,26
DA:26,26
DA:27,1020
DA:28,1020
DA:29,0
DA:31,1020
DA:33,26
DA:44,49
DA:45,24
DA:46,24
DA:47,1
DA:49,23
DA:51,25
DA:52,0
DA:55,25
DA:56,49
DA:57,49
DA:60,49
DA:61,47
DA:62,21
DA:63,21
DA:66,5
DA:68,2
DA:69,2
DA:70,7
DA:71,7
DA:73,6
DA:75,3
DA:78,3
DA:81,1
DA:84,1
DA:85,1
DA:86,1
DA:89,49
DA:90,1
DA:91,1
DA:92,1
DA:93,5
DA:94,5
DA:96,2
DA:97,3
DA:99,3
DA:101,0
DA:104,1
LF:59
LH:56
BRDA:5,0,0,73
BRDA:5,0,1,73
BRDA:8,1,0,0
BRDA:8,1,1,22
BRDA:9,2,0,0
BRDA:9,2,1,22
BRDA:22,3,0,0
BRDA:22,3,1,26
BRDA:23,4,0,0
BRDA:23,4,1,26
BRDA:28,5,0,0
BRDA:28,5,1,1020
BRDA:28,6,0,1020
BRDA:28,6,1,1020
BRDA:43,7,0,49
BRDA:61,8,0,26
BRDA:61,8,1,21
BRDA:94,9,0,2
BRDA:94,9,1,3
BRDA:94,10,0,5
BRDA:94,10,1,5
BRDA:97,11,0,3
BRDA:97,11,1,0
BRDA:97,12,0,3
BRDA:97,12,1,3
BRDA:44,13,0,24
BRDA:44,13,1,25
BRDA:46,14,0,1
BRDA:46,14,1,23
BRDA:51,15,0,0
BRDA:51,15,1,25
BRDA:55,16,0,0
BRDA:55,16,1,25
BRDA:71,17,0,6
BRDA:71,17,1,1
BRDA:71,18,0,7
BRDA:71,18,1,6
BRDA:73,19,0,3
BRDA:73,19,1,3
BRF:39
BRH:31
end_of_record
TN:
SF:src/generators/index.ts
FNF:0
FNH:0
LF:0
LH:0
BRF:0
BRH:0
end_of_record
TN:
SF:src/utils/index.ts
FN:24,(anonymous_0)
FN:48,(anonymous_1)
FN:49,(anonymous_2)
FNF:3
FNH:3
FNDA:11,(anonymous_0)
FNDA:21,(anonymous_1)
FNDA:25,(anonymous_2)
DA:9,4
DA:13,4
DA:24,4
DA:25,11
DA:26,11
DA:27,11
DA:29,11
DA:30,11
DA:31,11
DA:33,11
DA:35,144
DA:36,149
DA:38,0
DA:39,0
DA:41,149
DA:43,144
DA:45,11
DA:48,21
DA:49,25
LF:19
LH:17
BRDA:24,0,0,11
BRDA:25,1,0,1
BRDA:25,1,1,10
BRDA:26,2,0,1
BRDA:26,2,1,10
BRDA:27,3,0,1
BRDA:27,3,1,10
BRDA:36,4,0,0
BRDA:36,4,1,149
BRF:9
BRH:8
end_of_record
